<?xml version="1.0" encoding="UTF-8"?>
<!-- Generated by org.testng.reporters.JUnitReportReporter -->
<testsuite skipped="0" hostname="MSBCPC641" name="demoProject_Tests.HomeTest" tests="1" failures="0" timestamp="2021-12-15T13:20:07 IST" time="0.000" errors="0">
  <testcase name="PrintHello" time="0.000" classname="demoProject_Tests.HomeTest"/>
</testsuite> <!-- demoProject_Tests.HomeTest -->
