<?xml version="1.0" encoding="UTF-8"?>
<!-- Generated by org.testng.reporters.JUnitReportReporter -->
<testsuite skipped="0" hostname="MSBCPC641" name="demoProject.LoginTest" tests="2" failures="0" timestamp="2022-03-17T11:56:54 IST" time="25.058" errors="0">
  <testcase name="loginPageTitleTest" time="13.223" classname="demoProject.LoginTest"/>
  <testcase name="crmLogoImageTest" time="11.835" classname="demoProject.LoginTest"/>
</testsuite> <!-- demoProject.LoginTest -->
