<?xml version="1.0" encoding="UTF-8"?>
<!-- Generated by org.testng.reporters.JUnitReportReporter -->
<testsuite skipped="0" hostname="MSBCPC641" name="demoProject.LoginTest" tests="2" failures="0" timestamp="2022-03-16T16:51:59 IST" time="28.794" errors="0">
  <testcase name="loginPageTitleTest" time="12.840" classname="demoProject.LoginTest"/>
  <system-out/>
  <testcase name="crmLogoImageTest" time="15.954" classname="demoProject.LoginTest"/>
  <system-out/>
</testsuite> <!-- demoProject.LoginTest -->
